<?xml version="1.0" encoding="UTF-8"?>
<!-- Generated by org.testng.reporters.JUnitXMLReporter -->
<testsuite hostname="DESKTOP-I88FHVL" name="Greate Course Smoke Test" tests="1" failures="1" timestamp="14 Jan 2017 19:52:07 GMT" time="10.056" errors="0">
  <testcase name="@AfterMethod teardown" time="0.0" classname="com.selenium.week8.greatcourses.tests.GreatCourseRegressionTests">
    <failure type="java.lang.NullPointerException">
      <![CDATA[java.lang.NullPointerException
	at com.selenium.customlibrary.BasePage.teardown(BasePage.java:52)
... Removed 26 stack frames]]>
    </failure>
  </testcase> <!-- @AfterMethod teardown -->
  <testcase name="buyCourseTest" time="0.007" classname="com.selenium.week8.greatcourses.tests.GreatCourseRegressionTests">
    <failure type="java.lang.NullPointerException">
      <![CDATA[java.lang.NullPointerException
	at com.selenium.week8.greatcourses.pages.HomePage.goto_theGreatCoursesWebsite(HomePage.java:14)
	at com.selenium.week8.greatcourses.tests.GreatCourseRegressionTests.buyCourseTest(GreatCourseRegressionTests.java:27)
... Removed 24 stack frames]]>
    </failure>
  </testcase> <!-- buyCourseTest -->
</testsuite> <!-- Greate Course Smoke Test -->
